build/intermediates/manifest_merge_blame_file/release/processReleaseMainManifest/manifest-merger-blame-release-report.txt
1<?xml version="1.0" encoding="utf-8"?>
2<manifest xmlns:android="http://schemas.android.com/apk/res/android"
3    package="com.omoda5.launcher"
4    android:versionCode="5"
5    android:versionName="5" >
6
7    <uses-sdk
8        android:minSdkVersion="24"
9        android:targetSdkVersion="34" />
10
11    <queries>
11-->src/main/AndroidManifest.xml:5:5-10:15
12        <intent>
12-->src/main/AndroidManifest.xml:6:9-9:18
13            <action android:name="android.intent.action.MAIN" />
13-->src/main/AndroidManifest.xml:7:13-64
13-->src/main/AndroidManifest.xml:7:21-62
14
15            <category android:name="android.intent.category.LAUNCHER" />
15-->src/main/AndroidManifest.xml:8:13-72
15-->src/main/AndroidManifest.xml:8:23-70
16        </intent>
17    </queries>
18
19    <!-- AAOS donanım zorunluluğu -->
20    <uses-feature
20-->src/main/AndroidManifest.xml:13:5-93
21        android:name="android.hardware.type.automotive"
21-->src/main/AndroidManifest.xml:13:19-66
22        android:required="false" />
22-->src/main/AndroidManifest.xml:13:67-91
23
24    <!-- Araç Verileri İzinleri -->
25    <uses-permission android:name="android.car.permission.CAR_SPEED" />
25-->src/main/AndroidManifest.xml:16:5-72
25-->src/main/AndroidManifest.xml:16:22-69
26    <uses-permission android:name="android.car.permission.CAR_POWERTRAIN" />
26-->src/main/AndroidManifest.xml:17:5-77
26-->src/main/AndroidManifest.xml:17:22-74
27    <uses-permission android:name="android.car.permission.CAR_ENERGY" />
27-->src/main/AndroidManifest.xml:18:5-73
27-->src/main/AndroidManifest.xml:18:22-70
28    <uses-permission android:name="android.car.permission.CONTROL_CAR_DOORS" />
28-->src/main/AndroidManifest.xml:19:5-80
28-->src/main/AndroidManifest.xml:19:22-77
29    <uses-permission android:name="android.car.permission.CAR_INFO" />
29-->src/main/AndroidManifest.xml:20:5-71
29-->src/main/AndroidManifest.xml:20:22-68
30
31    <!-- Uygulama listeleme -->
32    <uses-permission android:name="android.permission.QUERY_ALL_PACKAGES" />
32-->src/main/AndroidManifest.xml:23:5-24:53
32-->src/main/AndroidManifest.xml:23:22-74
33
34    <!-- Duvar kağıdı -->
35    <uses-permission android:name="android.permission.SET_WALLPAPER" />
35-->src/main/AndroidManifest.xml:27:5-71
35-->src/main/AndroidManifest.xml:27:22-69
36
37    <!-- Depolama — API 32 ve altı -->
38    <uses-permission
38-->src/main/AndroidManifest.xml:30:5-32:38
39        android:name="android.permission.READ_EXTERNAL_STORAGE"
39-->src/main/AndroidManifest.xml:31:9-64
40        android:maxSdkVersion="32" />
40-->src/main/AndroidManifest.xml:32:9-35
41
42    <!-- Depolama — API 33 ve üstü -->
43    <uses-permission android:name="android.permission.READ_MEDIA_IMAGES" />
43-->src/main/AndroidManifest.xml:35:5-36:40
43-->src/main/AndroidManifest.xml:35:22-73
44
45    <!-- Overlay (Sidebar penceresi için) -->
46    <uses-permission android:name="android.permission.SYSTEM_ALERT_WINDOW" />
46-->src/main/AndroidManifest.xml:39:5-77
46-->src/main/AndroidManifest.xml:39:22-75
47
48    <!-- Hangi uygulama açık (AppWatcher için) -->
49    <uses-permission android:name="android.permission.PACKAGE_USAGE_STATS" />
49-->src/main/AndroidManifest.xml:42:5-43:47
49-->src/main/AndroidManifest.xml:42:22-75
50
51    <!-- Boot'ta otomatik başlat -->
52    <uses-permission android:name="android.permission.RECEIVE_BOOT_COMPLETED" />
52-->src/main/AndroidManifest.xml:46:5-80
52-->src/main/AndroidManifest.xml:46:22-78
53
54    <!-- Foreground Service — tüm API seviyeleri -->
55    <uses-permission android:name="android.permission.FOREGROUND_SERVICE" />
55-->src/main/AndroidManifest.xml:49:5-77
55-->src/main/AndroidManifest.xml:49:22-74
56
57    <!-- foregroundServiceType="specialUse" için API 34+ zorunlu izin -->
58    <uses-permission android:name="android.permission.FOREGROUND_SERVICE_SPECIAL_USE" />
58-->src/main/AndroidManifest.xml:52:5-53:46
58-->src/main/AndroidManifest.xml:52:22-86
59
60    <permission
60-->[androidx.core:core:1.13.1] AndroidManifest.xml:22:5-24:47
61        android:name="com.omoda5.launcher.DYNAMIC_RECEIVER_NOT_EXPORTED_PERMISSION"
61-->[androidx.core:core:1.13.1] AndroidManifest.xml:23:9-81
62        android:protectionLevel="signature" />
62-->[androidx.core:core:1.13.1] AndroidManifest.xml:24:9-44
63
64    <uses-permission android:name="com.omoda5.launcher.DYNAMIC_RECEIVER_NOT_EXPORTED_PERMISSION" />
64-->[androidx.core:core:1.13.1] AndroidManifest.xml:26:5-97
64-->[androidx.core:core:1.13.1] AndroidManifest.xml:26:22-94
65
66    <application
66-->src/main/AndroidManifest.xml:55:5-107:19
67        android:allowBackup="false"
67-->src/main/AndroidManifest.xml:59:9-36
68        android:appComponentFactory="androidx.core.app.CoreComponentFactory"
68-->[androidx.core:core:1.13.1] AndroidManifest.xml:28:18-86
69        android:extractNativeLibs="false"
70        android:icon="@mipmap/ic_launcher"
70-->src/main/AndroidManifest.xml:57:9-43
71        android:label="Omoda 5"
71-->src/main/AndroidManifest.xml:56:9-32
72        android:persistent="true"
72-->src/main/AndroidManifest.xml:60:9-34
73        android:roundIcon="@mipmap/ic_launcher_round"
73-->src/main/AndroidManifest.xml:58:9-54
74        android:theme="@style/Theme.AppCompat.Light.NoActionBar" >
74-->src/main/AndroidManifest.xml:61:9-65
75        <uses-library
75-->src/main/AndroidManifest.xml:63:9-77
76            android:name="android.car"
76-->src/main/AndroidManifest.xml:63:23-49
77            android:required="false" />
77-->src/main/AndroidManifest.xml:63:50-74
78
79        <!-- Ana Launcher Activity -->
80        <activity
80-->src/main/AndroidManifest.xml:66:9-79:20
81            android:name="com.omoda5.launcher.ui.MainActivity"
81-->src/main/AndroidManifest.xml:67:13-44
82            android:clearTaskOnLaunch="true"
82-->src/main/AndroidManifest.xml:70:13-45
83            android:exported="true"
83-->src/main/AndroidManifest.xml:68:13-36
84            android:launchMode="singleTask"
84-->src/main/AndroidManifest.xml:69:13-44
85            android:resumeWhilePausing="true"
85-->src/main/AndroidManifest.xml:72:13-46
86            android:stateNotNeeded="true" >
86-->src/main/AndroidManifest.xml:71:13-42
87            <intent-filter>
87-->src/main/AndroidManifest.xml:73:13-78:29
88                <action android:name="android.intent.action.MAIN" />
88-->src/main/AndroidManifest.xml:7:13-64
88-->src/main/AndroidManifest.xml:7:21-62
89
90                <category android:name="android.intent.category.LAUNCHER" />
90-->src/main/AndroidManifest.xml:8:13-72
90-->src/main/AndroidManifest.xml:8:23-70
91                <category android:name="android.intent.category.HOME" />
91-->src/main/AndroidManifest.xml:76:17-72
91-->src/main/AndroidManifest.xml:76:27-70
92                <category android:name="android.intent.category.DEFAULT" />
92-->src/main/AndroidManifest.xml:77:17-75
92-->src/main/AndroidManifest.xml:77:27-73
93            </intent-filter>
94        </activity>
95
96        <!-- Sidebar kaldırıldı -->
97
98
99        <!-- Yıldız Tuşu (294) Yakalayıcı Servis -->
100        <service
100-->src/main/AndroidManifest.xml:84:9-95:19
101            android:name="com.omoda5.launcher.services.CheryAccessibilityService"
101-->src/main/AndroidManifest.xml:85:13-63
102            android:exported="true"
102-->src/main/AndroidManifest.xml:88:13-36
103            android:label="Chery Star Key Service"
103-->src/main/AndroidManifest.xml:86:13-51
104            android:permission="android.permission.BIND_ACCESSIBILITY_SERVICE" >
104-->src/main/AndroidManifest.xml:87:13-79
105            <intent-filter>
105-->src/main/AndroidManifest.xml:89:13-91:29
106                <action android:name="android.accessibilityservice.AccessibilityService" />
106-->src/main/AndroidManifest.xml:90:17-92
106-->src/main/AndroidManifest.xml:90:25-89
107            </intent-filter>
108
109            <meta-data
109-->src/main/AndroidManifest.xml:92:13-94:72
110                android:name="android.accessibilityservice"
110-->src/main/AndroidManifest.xml:93:17-60
111                android:resource="@xml/accessibility_service_config" />
111-->src/main/AndroidManifest.xml:94:17-69
112        </service>
113
114        <!-- Boot'ta servisi başlat -->
115        <receiver
115-->src/main/AndroidManifest.xml:98:9-105:20
116            android:name="com.omoda5.launcher.BootCompletedReceiver"
116-->src/main/AndroidManifest.xml:99:13-50
117            android:enabled="true"
117-->src/main/AndroidManifest.xml:100:13-35
118            android:exported="true" >
118-->src/main/AndroidManifest.xml:101:13-36
119            <intent-filter android:priority="1000" >
119-->src/main/AndroidManifest.xml:102:13-104:29
119-->src/main/AndroidManifest.xml:102:28-51
120                <action android:name="android.intent.action.BOOT_COMPLETED" />
120-->src/main/AndroidManifest.xml:103:17-78
120-->src/main/AndroidManifest.xml:103:25-76
121            </intent-filter>
122        </receiver>
123
124        <provider
124-->[androidx.emoji2:emoji2:1.3.0] AndroidManifest.xml:24:9-32:20
125            android:name="androidx.startup.InitializationProvider"
125-->[androidx.emoji2:emoji2:1.3.0] AndroidManifest.xml:25:13-67
126            android:authorities="com.omoda5.launcher.androidx-startup"
126-->[androidx.emoji2:emoji2:1.3.0] AndroidManifest.xml:26:13-68
127            android:exported="false" >
127-->[androidx.emoji2:emoji2:1.3.0] AndroidManifest.xml:27:13-37
128            <meta-data
128-->[androidx.emoji2:emoji2:1.3.0] AndroidManifest.xml:29:13-31:52
129                android:name="androidx.emoji2.text.EmojiCompatInitializer"
129-->[androidx.emoji2:emoji2:1.3.0] AndroidManifest.xml:30:17-75
130                android:value="androidx.startup" />
130-->[androidx.emoji2:emoji2:1.3.0] AndroidManifest.xml:31:17-49
131            <meta-data
131-->[androidx.lifecycle:lifecycle-process:2.6.2] AndroidManifest.xml:29:13-31:52
132                android:name="androidx.lifecycle.ProcessLifecycleInitializer"
132-->[androidx.lifecycle:lifecycle-process:2.6.2] AndroidManifest.xml:30:17-78
133                android:value="androidx.startup" />
133-->[androidx.lifecycle:lifecycle-process:2.6.2] AndroidManifest.xml:31:17-49
134            <meta-data
134-->[androidx.profileinstaller:profileinstaller:1.3.1] AndroidManifest.xml:29:13-31:52
135                android:name="androidx.profileinstaller.ProfileInstallerInitializer"
135-->[androidx.profileinstaller:profileinstaller:1.3.1] AndroidManifest.xml:30:17-85
136                android:value="androidx.startup" />
136-->[androidx.profileinstaller:profileinstaller:1.3.1] AndroidManifest.xml:31:17-49
137        </provider>
138
139        <receiver
139-->[androidx.profileinstaller:profileinstaller:1.3.1] AndroidManifest.xml:34:9-52:20
140            android:name="androidx.profileinstaller.ProfileInstallReceiver"
140-->[androidx.profileinstaller:profileinstaller:1.3.1] AndroidManifest.xml:35:13-76
141            android:directBootAware="false"
141-->[androidx.profileinstaller:profileinstaller:1.3.1] AndroidManifest.xml:36:13-44
142            android:enabled="true"
142-->[androidx.profileinstaller:profileinstaller:1.3.1] AndroidManifest.xml:37:13-35
143            android:exported="true"
143-->[androidx.profileinstaller:profileinstaller:1.3.1] AndroidManifest.xml:38:13-36
144            android:permission="android.permission.DUMP" >
144-->[androidx.profileinstaller:profileinstaller:1.3.1] AndroidManifest.xml:39:13-57
145            <intent-filter>
145-->[androidx.profileinstaller:profileinstaller:1.3.1] AndroidManifest.xml:40:13-42:29
146                <action android:name="androidx.profileinstaller.action.INSTALL_PROFILE" />
146-->[androidx.profileinstaller:profileinstaller:1.3.1] AndroidManifest.xml:41:17-91
146-->[androidx.profileinstaller:profileinstaller:1.3.1] AndroidManifest.xml:41:25-88
147            </intent-filter>
148            <intent-filter>
148-->[androidx.profileinstaller:profileinstaller:1.3.1] AndroidManifest.xml:43:13-45:29
149                <action android:name="androidx.profileinstaller.action.SKIP_FILE" />
149-->[androidx.profileinstaller:profileinstaller:1.3.1] AndroidManifest.xml:44:17-85
149-->[androidx.profileinstaller:profileinstaller:1.3.1] AndroidManifest.xml:44:25-82
150            </intent-filter>
151            <intent-filter>
151-->[androidx.profileinstaller:profileinstaller:1.3.1] AndroidManifest.xml:46:13-48:29
152                <action android:name="androidx.profileinstaller.action.SAVE_PROFILE" />
152-->[androidx.profileinstaller:profileinstaller:1.3.1] AndroidManifest.xml:47:17-88
152-->[androidx.profileinstaller:profileinstaller:1.3.1] AndroidManifest.xml:47:25-85
153            </intent-filter>
154            <intent-filter>
154-->[androidx.profileinstaller:profileinstaller:1.3.1] AndroidManifest.xml:49:13-51:29
155                <action android:name="androidx.profileinstaller.action.BENCHMARK_OPERATION" />
155-->[androidx.profileinstaller:profileinstaller:1.3.1] AndroidManifest.xml:50:17-95
155-->[androidx.profileinstaller:profileinstaller:1.3.1] AndroidManifest.xml:50:25-92
156            </intent-filter>
157        </receiver>
158    </application>
159
160</manifest>